19-Jun-2017 18:11:27.055 INFORMATION [main] org.apache.catalina.startup.VersionLoggerListener.log Server version:        Apache Tomcat/9.0.0.M21
19-Jun-2017 18:11:27.111 INFORMATION [main] org.apache.catalina.startup.VersionLoggerListener.log Server built:          May 4 2017 22:42:36 UTC
19-Jun-2017 18:11:27.111 INFORMATION [main] org.apache.catalina.startup.VersionLoggerListener.log Server number:         9.0.0.0
19-Jun-2017 18:11:27.111 INFORMATION [main] org.apache.catalina.startup.VersionLoggerListener.log OS Name:               Linux
19-Jun-2017 18:11:27.111 INFORMATION [main] org.apache.catalina.startup.VersionLoggerListener.log OS Version:            4.2.0-42-generic
19-Jun-2017 18:11:27.112 INFORMATION [main] org.apache.catalina.startup.VersionLoggerListener.log Architecture:          amd64
19-Jun-2017 18:11:27.112 INFORMATION [main] org.apache.catalina.startup.VersionLoggerListener.log Java Home:             /usr/lib/jvm/java-8-openjdk-amd64/jre
19-Jun-2017 18:11:27.112 INFORMATION [main] org.apache.catalina.startup.VersionLoggerListener.log JVM Version:           1.8.0_121-8u121-b13-0ubuntu1.16.04.2-b13
19-Jun-2017 18:11:27.112 INFORMATION [main] org.apache.catalina.startup.VersionLoggerListener.log JVM Vendor:            Oracle Corporation
19-Jun-2017 18:11:27.113 INFORMATION [main] org.apache.catalina.startup.VersionLoggerListener.log CATALINA_BASE:         /home/lo/Dropbox/Aktuelle Aufgaben Reloaded/Web-Technologie/Uebungen/LoJiCo/Beleg 5/resources/apache-tomcat-9.0.0.M21
19-Jun-2017 18:11:27.113 INFORMATION [main] org.apache.catalina.startup.VersionLoggerListener.log CATALINA_HOME:         /home/lo/Dropbox/Aktuelle Aufgaben Reloaded/Web-Technologie/Uebungen/LoJiCo/Beleg 5/resources/apache-tomcat-9.0.0.M21
19-Jun-2017 18:11:27.113 INFORMATION [main] org.apache.catalina.startup.VersionLoggerListener.log Command line argument: -Djava.util.logging.config.file=/home/lo/Dropbox/Aktuelle Aufgaben Reloaded/Web-Technologie/Uebungen/LoJiCo/Beleg 5/resources/apache-tomcat-9.0.0.M21/conf/logging.properties
19-Jun-2017 18:11:27.114 INFORMATION [main] org.apache.catalina.startup.VersionLoggerListener.log Command line argument: -Djava.util.logging.manager=org.apache.juli.ClassLoaderLogManager
19-Jun-2017 18:11:27.114 INFORMATION [main] org.apache.catalina.startup.VersionLoggerListener.log Command line argument: -Djdk.tls.ephemeralDHKeySize=2048
19-Jun-2017 18:11:27.114 INFORMATION [main] org.apache.catalina.startup.VersionLoggerListener.log Command line argument: -Djava.protocol.handler.pkgs=org.apache.catalina.webresources
19-Jun-2017 18:11:27.114 INFORMATION [main] org.apache.catalina.startup.VersionLoggerListener.log Command line argument: -Dcatalina.base=/home/lo/Dropbox/Aktuelle Aufgaben Reloaded/Web-Technologie/Uebungen/LoJiCo/Beleg 5/resources/apache-tomcat-9.0.0.M21
19-Jun-2017 18:11:27.115 INFORMATION [main] org.apache.catalina.startup.VersionLoggerListener.log Command line argument: -Dcatalina.home=/home/lo/Dropbox/Aktuelle Aufgaben Reloaded/Web-Technologie/Uebungen/LoJiCo/Beleg 5/resources/apache-tomcat-9.0.0.M21
19-Jun-2017 18:11:27.115 INFORMATION [main] org.apache.catalina.startup.VersionLoggerListener.log Command line argument: -Djava.io.tmpdir=/home/lo/Dropbox/Aktuelle Aufgaben Reloaded/Web-Technologie/Uebungen/LoJiCo/Beleg 5/resources/apache-tomcat-9.0.0.M21/temp
19-Jun-2017 18:11:27.115 INFORMATION [main] org.apache.catalina.core.AprLifecycleListener.lifecycleEvent The APR based Apache Tomcat Native library which allows optimal performance in production environments was not found on the java.library.path: [/usr/lib32:/usr/java/packages/lib/amd64:/usr/lib/x86_64-linux-gnu/jni:/lib/x86_64-linux-gnu:/usr/lib/x86_64-linux-gnu:/usr/lib/jni:/lib:/usr/lib]
19-Jun-2017 18:11:31.021 INFORMATION [main] org.apache.coyote.AbstractProtocol.init Initializing ProtocolHandler ["http-nio-8080"]
19-Jun-2017 18:11:32.397 INFORMATION [main] org.apache.tomcat.util.net.NioSelectorPool.getSharedSelector Using a shared selector for servlet write/read
19-Jun-2017 18:11:32.405 INFORMATION [main] org.apache.coyote.AbstractProtocol.init Initializing ProtocolHandler ["ajp-nio-8009"]
19-Jun-2017 18:11:32.409 INFORMATION [main] org.apache.tomcat.util.net.NioSelectorPool.getSharedSelector Using a shared selector for servlet write/read
19-Jun-2017 18:11:32.410 INFORMATION [main] org.apache.catalina.startup.Catalina.load Initialization processed in 13764 ms
19-Jun-2017 18:11:33.092 INFORMATION [main] org.apache.catalina.core.StandardService.startInternal Starting service [Catalina]
19-Jun-2017 18:11:33.093 INFORMATION [main] org.apache.catalina.core.StandardEngine.startInternal Starting Servlet Engine: Apache Tomcat/9.0.0.M21
19-Jun-2017 18:11:33.691 INFORMATION [main] org.apache.catalina.startup.HostConfig.deployWAR Deploying web application archive [/home/lo/Dropbox/Aktuelle Aufgaben Reloaded/Web-Technologie/Uebungen/LoJiCo/Beleg 5/resources/apache-tomcat-9.0.0.M21/webapps/helloworld.war]
19-Jun-2017 18:11:41.559 INFORMATION [main] org.apache.catalina.util.SessionIdGeneratorBase.createSecureRandom Creation of SecureRandom instance for session ID generation using [SHA1PRNG] took [422] milliseconds.
19-Jun-2017 18:11:42.091 INFORMATION [main] org.apache.catalina.startup.HostConfig.deployWAR Deployment of web application archive [/home/lo/Dropbox/Aktuelle Aufgaben Reloaded/Web-Technologie/Uebungen/LoJiCo/Beleg 5/resources/apache-tomcat-9.0.0.M21/webapps/helloworld.war] has finished in [8,399] ms
19-Jun-2017 18:11:42.092 INFORMATION [main] org.apache.catalina.startup.HostConfig.deployDirectory Deploying web application directory [/home/lo/Dropbox/Aktuelle Aufgaben Reloaded/Web-Technologie/Uebungen/LoJiCo/Beleg 5/resources/apache-tomcat-9.0.0.M21/webapps/host-manager]
19-Jun-2017 18:11:42.267 INFORMATION [main] org.apache.catalina.startup.HostConfig.deployDirectory Deployment of web application directory [/home/lo/Dropbox/Aktuelle Aufgaben Reloaded/Web-Technologie/Uebungen/LoJiCo/Beleg 5/resources/apache-tomcat-9.0.0.M21/webapps/host-manager] has finished in [174] ms
19-Jun-2017 18:11:42.267 INFORMATION [main] org.apache.catalina.startup.HostConfig.deployDirectory Deploying web application directory [/home/lo/Dropbox/Aktuelle Aufgaben Reloaded/Web-Technologie/Uebungen/LoJiCo/Beleg 5/resources/apache-tomcat-9.0.0.M21/webapps/ROOT]
19-Jun-2017 18:11:42.326 INFORMATION [main] org.apache.catalina.startup.HostConfig.deployDirectory Deployment of web application directory [/home/lo/Dropbox/Aktuelle Aufgaben Reloaded/Web-Technologie/Uebungen/LoJiCo/Beleg 5/resources/apache-tomcat-9.0.0.M21/webapps/ROOT] has finished in [59] ms
19-Jun-2017 18:11:42.327 INFORMATION [main] org.apache.catalina.startup.HostConfig.deployDirectory Deploying web application directory [/home/lo/Dropbox/Aktuelle Aufgaben Reloaded/Web-Technologie/Uebungen/LoJiCo/Beleg 5/resources/apache-tomcat-9.0.0.M21/webapps/docs]
19-Jun-2017 18:11:42.365 INFORMATION [main] org.apache.catalina.startup.HostConfig.deployDirectory Deployment of web application directory [/home/lo/Dropbox/Aktuelle Aufgaben Reloaded/Web-Technologie/Uebungen/LoJiCo/Beleg 5/resources/apache-tomcat-9.0.0.M21/webapps/docs] has finished in [38] ms
19-Jun-2017 18:11:42.366 INFORMATION [main] org.apache.catalina.startup.HostConfig.deployDirectory Deploying web application directory [/home/lo/Dropbox/Aktuelle Aufgaben Reloaded/Web-Technologie/Uebungen/LoJiCo/Beleg 5/resources/apache-tomcat-9.0.0.M21/webapps/examples]
19-Jun-2017 18:11:45.382 INFORMATION [main] org.apache.catalina.startup.HostConfig.deployDirectory Deployment of web application directory [/home/lo/Dropbox/Aktuelle Aufgaben Reloaded/Web-Technologie/Uebungen/LoJiCo/Beleg 5/resources/apache-tomcat-9.0.0.M21/webapps/examples] has finished in [3,017] ms
19-Jun-2017 18:11:45.383 INFORMATION [main] org.apache.catalina.startup.HostConfig.deployDirectory Deploying web application directory [/home/lo/Dropbox/Aktuelle Aufgaben Reloaded/Web-Technologie/Uebungen/LoJiCo/Beleg 5/resources/apache-tomcat-9.0.0.M21/webapps/manager]
19-Jun-2017 18:11:45.538 INFORMATION [main] org.apache.catalina.startup.HostConfig.deployDirectory Deployment of web application directory [/home/lo/Dropbox/Aktuelle Aufgaben Reloaded/Web-Technologie/Uebungen/LoJiCo/Beleg 5/resources/apache-tomcat-9.0.0.M21/webapps/manager] has finished in [154] ms
19-Jun-2017 18:11:45.546 INFORMATION [main] org.apache.coyote.AbstractProtocol.start Starting ProtocolHandler ["http-nio-8080"]
19-Jun-2017 18:11:45.574 INFORMATION [main] org.apache.coyote.AbstractProtocol.start Starting ProtocolHandler ["ajp-nio-8009"]
19-Jun-2017 18:11:45.585 INFORMATION [main] org.apache.catalina.startup.Catalina.start Server startup in 13174 ms
19-Jun-2017 18:19:35.687 INFORMATION [ContainerBackgroundProcessor[StandardEngine[Catalina]]] org.apache.catalina.startup.HostConfig.deployDirectory Deploying web application directory [/home/lo/Dropbox/Aktuelle Aufgaben Reloaded/Web-Technologie/Uebungen/LoJiCo/Beleg 5/resources/apache-tomcat-9.0.0.M21/webapps/Untitled Folder]
19-Jun-2017 18:19:35.742 INFORMATION [ContainerBackgroundProcessor[StandardEngine[Catalina]]] org.apache.catalina.startup.HostConfig.deployDirectory Deployment of web application directory [/home/lo/Dropbox/Aktuelle Aufgaben Reloaded/Web-Technologie/Uebungen/LoJiCo/Beleg 5/resources/apache-tomcat-9.0.0.M21/webapps/Untitled Folder] has finished in [54] ms
19-Jun-2017 18:19:46.244 INFORMATION [ContainerBackgroundProcessor[StandardEngine[Catalina]]] org.apache.catalina.startup.HostConfig.undeploy Undeploying context [/Untitled Folder]
19-Jun-2017 18:19:46.293 INFORMATION [ContainerBackgroundProcessor[StandardEngine[Catalina]]] org.apache.catalina.startup.HostConfig.deployDirectory Deploying web application directory [/home/lo/Dropbox/Aktuelle Aufgaben Reloaded/Web-Technologie/Uebungen/LoJiCo/Beleg 5/resources/apache-tomcat-9.0.0.M21/webapps/netspeak]
19-Jun-2017 18:19:46.325 INFORMATION [ContainerBackgroundProcessor[StandardEngine[Catalina]]] org.apache.catalina.startup.HostConfig.deployDirectory Deployment of web application directory [/home/lo/Dropbox/Aktuelle Aufgaben Reloaded/Web-Technologie/Uebungen/LoJiCo/Beleg 5/resources/apache-tomcat-9.0.0.M21/webapps/netspeak] has finished in [32] ms
