15-Jun-2017 11:44:13.339 INFORMATION [main] org.apache.catalina.startup.VersionLoggerListener.log Server version:        Apache Tomcat/9.0.0.M21
15-Jun-2017 11:44:13.363 INFORMATION [main] org.apache.catalina.startup.VersionLoggerListener.log Server built:          May 4 2017 22:42:36 UTC
15-Jun-2017 11:44:13.363 INFORMATION [main] org.apache.catalina.startup.VersionLoggerListener.log Server number:         9.0.0.0
15-Jun-2017 11:44:13.363 INFORMATION [main] org.apache.catalina.startup.VersionLoggerListener.log OS Name:               Linux
15-Jun-2017 11:44:13.363 INFORMATION [main] org.apache.catalina.startup.VersionLoggerListener.log OS Version:            4.2.0-42-generic
15-Jun-2017 11:44:13.363 INFORMATION [main] org.apache.catalina.startup.VersionLoggerListener.log Architecture:          amd64
15-Jun-2017 11:44:13.365 INFORMATION [main] org.apache.catalina.startup.VersionLoggerListener.log Java Home:             /usr/lib/jvm/java-8-openjdk-amd64/jre
15-Jun-2017 11:44:13.365 INFORMATION [main] org.apache.catalina.startup.VersionLoggerListener.log JVM Version:           1.8.0_121-8u121-b13-0ubuntu1.16.04.2-b13
15-Jun-2017 11:44:13.365 INFORMATION [main] org.apache.catalina.startup.VersionLoggerListener.log JVM Vendor:            Oracle Corporation
15-Jun-2017 11:44:13.365 INFORMATION [main] org.apache.catalina.startup.VersionLoggerListener.log CATALINA_BASE:         /home/lo/Dropbox/Aktuelle Aufgaben Reloaded/Web-Technologie/Uebungen/LoJiCo/Beleg 5/apache-tomcat-9.0.0.M21
15-Jun-2017 11:44:13.366 INFORMATION [main] org.apache.catalina.startup.VersionLoggerListener.log CATALINA_HOME:         /home/lo/Dropbox/Aktuelle Aufgaben Reloaded/Web-Technologie/Uebungen/LoJiCo/Beleg 5/apache-tomcat-9.0.0.M21
15-Jun-2017 11:44:13.368 INFORMATION [main] org.apache.catalina.startup.VersionLoggerListener.log Command line argument: -Djava.util.logging.config.file=/home/lo/Dropbox/Aktuelle Aufgaben Reloaded/Web-Technologie/Uebungen/LoJiCo/Beleg 5/apache-tomcat-9.0.0.M21/conf/logging.properties
15-Jun-2017 11:44:13.368 INFORMATION [main] org.apache.catalina.startup.VersionLoggerListener.log Command line argument: -Djava.util.logging.manager=org.apache.juli.ClassLoaderLogManager
15-Jun-2017 11:44:13.368 INFORMATION [main] org.apache.catalina.startup.VersionLoggerListener.log Command line argument: -Djdk.tls.ephemeralDHKeySize=2048
15-Jun-2017 11:44:13.369 INFORMATION [main] org.apache.catalina.startup.VersionLoggerListener.log Command line argument: -Djava.protocol.handler.pkgs=org.apache.catalina.webresources
15-Jun-2017 11:44:13.369 INFORMATION [main] org.apache.catalina.startup.VersionLoggerListener.log Command line argument: -Dcatalina.base=/home/lo/Dropbox/Aktuelle Aufgaben Reloaded/Web-Technologie/Uebungen/LoJiCo/Beleg 5/apache-tomcat-9.0.0.M21
15-Jun-2017 11:44:13.369 INFORMATION [main] org.apache.catalina.startup.VersionLoggerListener.log Command line argument: -Dcatalina.home=/home/lo/Dropbox/Aktuelle Aufgaben Reloaded/Web-Technologie/Uebungen/LoJiCo/Beleg 5/apache-tomcat-9.0.0.M21
15-Jun-2017 11:44:13.369 INFORMATION [main] org.apache.catalina.startup.VersionLoggerListener.log Command line argument: -Djava.io.tmpdir=/home/lo/Dropbox/Aktuelle Aufgaben Reloaded/Web-Technologie/Uebungen/LoJiCo/Beleg 5/apache-tomcat-9.0.0.M21/temp
15-Jun-2017 11:44:13.370 INFORMATION [main] org.apache.catalina.core.AprLifecycleListener.lifecycleEvent The APR based Apache Tomcat Native library which allows optimal performance in production environments was not found on the java.library.path: [/usr/lib32:/usr/java/packages/lib/amd64:/usr/lib/x86_64-linux-gnu/jni:/lib/x86_64-linux-gnu:/usr/lib/x86_64-linux-gnu:/usr/lib/jni:/lib:/usr/lib]
15-Jun-2017 11:44:14.761 INFORMATION [main] org.apache.coyote.AbstractProtocol.init Initializing ProtocolHandler ["http-nio-8080"]
15-Jun-2017 11:44:15.244 INFORMATION [main] org.apache.tomcat.util.net.NioSelectorPool.getSharedSelector Using a shared selector for servlet write/read
15-Jun-2017 11:44:15.249 INFORMATION [main] org.apache.coyote.AbstractProtocol.init Initializing ProtocolHandler ["ajp-nio-8009"]
15-Jun-2017 11:44:15.253 INFORMATION [main] org.apache.tomcat.util.net.NioSelectorPool.getSharedSelector Using a shared selector for servlet write/read
15-Jun-2017 11:44:15.254 INFORMATION [main] org.apache.catalina.startup.Catalina.load Initialization processed in 4356 ms
15-Jun-2017 11:44:15.383 INFORMATION [main] org.apache.catalina.core.StandardService.startInternal Starting service [Catalina]
15-Jun-2017 11:44:15.383 INFORMATION [main] org.apache.catalina.core.StandardEngine.startInternal Starting Servlet Engine: Apache Tomcat/9.0.0.M21
15-Jun-2017 11:44:15.657 INFORMATION [main] org.apache.catalina.startup.HostConfig.deployWAR Deploying web application archive [/home/lo/Dropbox/Aktuelle Aufgaben Reloaded/Web-Technologie/Uebungen/LoJiCo/Beleg 5/apache-tomcat-9.0.0.M21/webapps/helloworld.war]
15-Jun-2017 11:44:16.896 INFORMATION [main] org.apache.catalina.startup.HostConfig.deployWAR Deployment of web application archive [/home/lo/Dropbox/Aktuelle Aufgaben Reloaded/Web-Technologie/Uebungen/LoJiCo/Beleg 5/apache-tomcat-9.0.0.M21/webapps/helloworld.war] has finished in [1,215] ms
15-Jun-2017 11:44:16.898 INFORMATION [main] org.apache.catalina.startup.HostConfig.deployDirectory Deploying web application directory [/home/lo/Dropbox/Aktuelle Aufgaben Reloaded/Web-Technologie/Uebungen/LoJiCo/Beleg 5/apache-tomcat-9.0.0.M21/webapps/host-manager]
15-Jun-2017 11:44:16.985 INFORMATION [main] org.apache.catalina.startup.HostConfig.deployDirectory Deployment of web application directory [/home/lo/Dropbox/Aktuelle Aufgaben Reloaded/Web-Technologie/Uebungen/LoJiCo/Beleg 5/apache-tomcat-9.0.0.M21/webapps/host-manager] has finished in [87] ms
15-Jun-2017 11:44:16.985 INFORMATION [main] org.apache.catalina.startup.HostConfig.deployDirectory Deploying web application directory [/home/lo/Dropbox/Aktuelle Aufgaben Reloaded/Web-Technologie/Uebungen/LoJiCo/Beleg 5/apache-tomcat-9.0.0.M21/webapps/ROOT]
15-Jun-2017 11:44:17.027 INFORMATION [main] org.apache.catalina.startup.HostConfig.deployDirectory Deployment of web application directory [/home/lo/Dropbox/Aktuelle Aufgaben Reloaded/Web-Technologie/Uebungen/LoJiCo/Beleg 5/apache-tomcat-9.0.0.M21/webapps/ROOT] has finished in [42] ms
15-Jun-2017 11:44:17.027 INFORMATION [main] org.apache.catalina.startup.HostConfig.deployDirectory Deploying web application directory [/home/lo/Dropbox/Aktuelle Aufgaben Reloaded/Web-Technologie/Uebungen/LoJiCo/Beleg 5/apache-tomcat-9.0.0.M21/webapps/docs]
15-Jun-2017 11:44:17.067 INFORMATION [main] org.apache.catalina.startup.HostConfig.deployDirectory Deployment of web application directory [/home/lo/Dropbox/Aktuelle Aufgaben Reloaded/Web-Technologie/Uebungen/LoJiCo/Beleg 5/apache-tomcat-9.0.0.M21/webapps/docs] has finished in [40] ms
15-Jun-2017 11:44:17.070 INFORMATION [main] org.apache.catalina.startup.HostConfig.deployDirectory Deploying web application directory [/home/lo/Dropbox/Aktuelle Aufgaben Reloaded/Web-Technologie/Uebungen/LoJiCo/Beleg 5/apache-tomcat-9.0.0.M21/webapps/examples]
15-Jun-2017 11:44:17.645 INFORMATION [main] org.apache.catalina.startup.HostConfig.deployDirectory Deployment of web application directory [/home/lo/Dropbox/Aktuelle Aufgaben Reloaded/Web-Technologie/Uebungen/LoJiCo/Beleg 5/apache-tomcat-9.0.0.M21/webapps/examples] has finished in [575] ms
15-Jun-2017 11:44:17.645 INFORMATION [main] org.apache.catalina.startup.HostConfig.deployDirectory Deploying web application directory [/home/lo/Dropbox/Aktuelle Aufgaben Reloaded/Web-Technologie/Uebungen/LoJiCo/Beleg 5/apache-tomcat-9.0.0.M21/webapps/manager]
15-Jun-2017 11:44:17.697 INFORMATION [main] org.apache.catalina.startup.HostConfig.deployDirectory Deployment of web application directory [/home/lo/Dropbox/Aktuelle Aufgaben Reloaded/Web-Technologie/Uebungen/LoJiCo/Beleg 5/apache-tomcat-9.0.0.M21/webapps/manager] has finished in [52] ms
15-Jun-2017 11:44:17.702 INFORMATION [main] org.apache.coyote.AbstractProtocol.start Starting ProtocolHandler ["http-nio-8080"]
15-Jun-2017 11:44:17.728 INFORMATION [main] org.apache.coyote.AbstractProtocol.start Starting ProtocolHandler ["ajp-nio-8009"]
15-Jun-2017 11:44:17.750 INFORMATION [main] org.apache.catalina.startup.Catalina.start Server startup in 2495 ms
